<?xml version="1.0" encoding="UTF-8"?>
<!-- Generated by org.testng.reporters.JUnitReportReporter -->
<testsuite skipped="0" hostname="hp" name="practisepackage.Test_03" tests="2" failures="0" timestamp="2023-03-28T09:20:38 IST" time="0.004" errors="0">
  <testcase name="script6" time="0.001" classname="practisepackage.Test_03"/>
  <system-out/>
  <testcase name="script5" time="0.003" classname="practisepackage.Test_03"/>
  <system-out/>
</testsuite> <!-- practisepackage.Test_03 -->
