<?xml version="1.0" encoding="UTF-8"?>
<!-- Generated by org.testng.reporters.JUnitReportReporter -->
<testsuite skipped="0" hostname="hp" name="practisepackage.Test_04" tests="2" failures="0" timestamp="2023-03-28T09:20:38 IST" time="0.010" errors="0">
  <testcase name="script7" time="0.009" classname="practisepackage.Test_04"/>
  <system-out/>
  <testcase name="script8" time="0.001" classname="practisepackage.Test_04"/>
  <system-out/>
</testsuite> <!-- practisepackage.Test_04 -->
