<?xml version="1.0" encoding="UTF-8"?>
<!-- Generated by org.testng.reporters.JUnitReportReporter -->
<testsuite hostname="hp" failures="0" tests="1" name="practisepackage.Demo1" time="8.257" errors="0" timestamp="2023-04-08T11:19:09 IST" skipped="0">
  <testcase classname="practisepackage.Demo1" name="Test1" time="8.257"/>
  <system-out/>
</testsuite> <!-- practisepackage.Demo1 -->
