<?xml version="1.0" encoding="UTF-8"?>
<!-- Generated by org.testng.reporters.JUnitReportReporter -->
<testsuite hostname="hp" failures="0" tests="2" name="practisepackage.AnnotationTest" time="0.014" errors="0" timestamp="2023-03-23T16:18:44 IST" skipped="0">
  <testcase classname="practisepackage.AnnotationTest" name="testScript_1" time="0.009"/>
  <system-out/>
  <testcase classname="practisepackage.AnnotationTest" name="testScript_2" time="0.005"/>
  <system-out/>
</testsuite> <!-- practisepackage.AnnotationTest -->
