<?xml version="1.0" encoding="UTF-8"?>
<!-- Generated by org.testng.reporters.JUnitReportReporter -->
<testsuite hostname="hp" failures="0" tests="3" name="practisepackage.newDataproviderTest" time="0.011" errors="0" timestamp="2023-03-24T10:49:15 IST" skipped="0">
  <testcase classname="practisepackage.newDataproviderTest" name="empDetails" time="0.001"/>
  <system-out>
    <![CDATA[empId----->802ename----->suresh]]>
  </system-out>
  <testcase classname="practisepackage.newDataproviderTest" name="empDetails" time="0.008"/>
  <system-out>
    <![CDATA[empId----->801ename----->Abhishek]]>
  </system-out>
  <testcase classname="practisepackage.newDataproviderTest" name="empDetails" time="0.002"/>
  <system-out>
    <![CDATA[empId----->803ename----->Tapu]]>
  </system-out>
</testsuite> <!-- practisepackage.newDataproviderTest -->
