<?xml version="1.0" encoding="UTF-8"?>
<!-- Generated by org.testng.reporters.JUnitReportReporter -->
<testsuite hostname="hp" failures="0" tests="1" name="Register_Package.Reg_ApartmentAndEditDetails" time="10.243" errors="0" timestamp="2023-03-24T13:32:35 IST" skipped="0">
  <testcase classname="Register_Package.Reg_ApartmentAndEditDetails" name="regApt" time="10.243"/>
  <system-out/>
</testsuite> <!-- Register_Package.Reg_ApartmentAndEditDetails -->
