<?xml version="1.0" encoding="UTF-8"?>
<!-- Generated by org.testng.reporters.JUnitReportReporter -->
<testsuite skipped="0" hostname="hp" name="practisepackage.Test_02" tests="2" failures="0" timestamp="2023-03-28T09:20:38 IST" time="0.003" errors="0">
  <testcase name="script3" time="0.002" classname="practisepackage.Test_02"/>
  <system-out/>
  <testcase name="script4" time="0.001" classname="practisepackage.Test_02"/>
  <system-out/>
</testsuite> <!-- practisepackage.Test_02 -->
