<?xml version="1.0" encoding="UTF-8"?>
<!-- Generated by org.testng.reporters.JUnitReportReporter -->
<testsuite hostname="hp" failures="0" tests="1" name="practisepackage.PhpTravelsPractise1" time="138.332" errors="0" timestamp="2023-04-07T15:33:22 IST" skipped="0">
  <testcase classname="practisepackage.PhpTravelsPractise1" name="test" time="138.332"/>
  <system-out/>
</testsuite> <!-- practisepackage.PhpTravelsPractise1 -->
