<?xml version="1.0" encoding="UTF-8"?>
<!-- Generated by org.testng.reporters.JUnitReportReporter -->
<testsuite hostname="hp" failures="0" tests="1" name="SendSMS_Package.InduvidualRegAndSendSMS" time="9.803" errors="0" timestamp="2023-03-24T16:53:45 IST" skipped="0">
  <testcase classname="SendSMS_Package.InduvidualRegAndSendSMS" name="InduvidualRegAndSendSMS" time="9.803"/>
  <system-out/>
</testsuite> <!-- SendSMS_Package.InduvidualRegAndSendSMS -->
