<?xml version="1.0" encoding="UTF-8"?>
<!-- Generated by org.testng.reporters.JUnitReportReporter -->
<testsuite hostname="hp" failures="0" tests="3" name="practisepackage.DataproviderTestRun" time="0.012" errors="0" timestamp="2023-03-23T17:02:31 IST" skipped="0">
  <testcase classname="practisepackage.DataproviderTestRun" name="empDetails" time="0.009"/>
  <system-out>
    <![CDATA[empid---->1to------->Suresh]]>
  </system-out>
  <testcase classname="practisepackage.DataproviderTestRun" name="empDetails" time="0.001"/>
  <system-out>
    <![CDATA[empid---->3to------->sureshTapu]]>
  </system-out>
  <testcase classname="practisepackage.DataproviderTestRun" name="empDetails" time="0.002"/>
  <system-out>
    <![CDATA[empid---->2to------->Tapu]]>
  </system-out>
</testsuite> <!-- practisepackage.DataproviderTestRun -->
