<?xml version="1.0" encoding="UTF-8"?>
<!-- Generated by org.testng.reporters.JUnitReportReporter -->
<testsuite hostname="hp" failures="0" tests="1" name="Register_Package.RegisterAptAndEditDetAndRaiseComplaint" time="10.574" errors="0" timestamp="2023-03-24T17:05:08 IST" skipped="0">
  <testcase classname="Register_Package.RegisterAptAndEditDetAndRaiseComplaint" name="regApt" time="10.574"/>
  <system-out/>
</testsuite> <!-- Register_Package.RegisterAptAndEditDetAndRaiseComplaint -->
