<?xml version="1.0" encoding="UTF-8"?>
<!-- Generated by org.testng.reporters.JUnitReportReporter -->
<testsuite skipped="0" hostname="hp" name="practisepackage.Test_05" tests="2" failures="0" timestamp="2023-03-28T09:20:38 IST" time="0.021" errors="0">
  <testcase name="script10" time="0.002" classname="practisepackage.Test_05"/>
  <system-out/>
  <testcase name="script9" time="0.019" classname="practisepackage.Test_05"/>
  <system-out/>
</testsuite> <!-- practisepackage.Test_05 -->
