<?xml version="1.0" encoding="UTF-8"?>
<!-- Generated by org.testng.reporters.JUnitReportReporter -->
<testsuite hostname="hp" failures="0" tests="5" name="practisepackage.practiseAnnotations" time="0.017" errors="0" timestamp="2023-03-23T16:34:46 IST" skipped="0">
  <testcase classname="practisepackage.practiseAnnotations" name="delete" time="0.002"/>
  <system-out/>
  <testcase classname="practisepackage.practiseAnnotations" name="delete" time="0.002"/>
  <system-out/>
  <testcase classname="practisepackage.practiseAnnotations" name="delete" time="0.001"/>
  <system-out/>
  <testcase classname="practisepackage.practiseAnnotations" name="create" time="0.011"/>
  <system-out/>
  <testcase classname="practisepackage.practiseAnnotations" name="edit" time="0.001"/>
  <system-out/>
</testsuite> <!-- practisepackage.practiseAnnotations -->
